Started GET "/" for ::1 at 2022-03-15 10:50:12 +0100
  [1m[35m (1.7ms)[0m  [1m[34mSELECT sqlite_version(*)[0m
Processing by Rails::WelcomeController#index as HTML
  Rendering /home/anatolethien/.rvm/gems/ruby-3.0.3/gems/railties-6.1.5/lib/rails/templates/rails/welcome/index.html.erb
  Rendered /home/anatolethien/.rvm/gems/ruby-3.0.3/gems/railties-6.1.5/lib/rails/templates/rails/welcome/index.html.erb (Duration: 8.1ms | Allocations: 592)
Completed 200 OK in 22ms (Views: 12.4ms | ActiveRecord: 0.0ms | Allocations: 4713)


Started GET "/" for ::1 at 2022-03-15 11:20:50 +0100
  [1m[35m (2.5ms)[0m  [1m[34mSELECT sqlite_version(*)[0m
Processing by Rails::WelcomeController#index as HTML
  Rendering /home/anatolethien/.rvm/gems/ruby-3.0.3/gems/railties-6.1.5/lib/rails/templates/rails/welcome/index.html.erb
  Rendered /home/anatolethien/.rvm/gems/ruby-3.0.3/gems/railties-6.1.5/lib/rails/templates/rails/welcome/index.html.erb (Duration: 8.4ms | Allocations: 592)
Completed 200 OK in 25ms (Views: 13.5ms | ActiveRecord: 0.0ms | Allocations: 4712)


Started GET "/" for ::1 at 2022-03-15 11:24:19 +0100
  [1m[35m (0.6ms)[0m  [1m[34mSELECT sqlite_version(*)[0m
Processing by HelloController#index as HTML
  Rendering layout layouts/application.html.erb
  Rendering hello/index.html.erb within layouts/application
  Rendered hello/index.html.erb within layouts/application (Duration: 1.0ms | Allocations: 397)
[Webpacker] Compiling...
[Webpacker] Compiled all packs in /home/anatolethien/Documents/ruby-lab/toucan/public/packs
[Webpacker] Hash: 2034dd941d5476d8645c
Version: webpack 4.46.0
Time: 2080ms
Built at: 03/15/2022 11:24:24 AM
                                     Asset       Size       Chunks                         Chunk Names
    js/application-3dd0dc24d9c39bc09227.js    125 KiB  application  [emitted] [immutable]  application
js/application-3dd0dc24d9c39bc09227.js.map    139 KiB  application  [emitted] [dev]        application
                             manifest.json  364 bytes               [emitted]              
Entrypoint application = js/application-3dd0dc24d9c39bc09227.js js/application-3dd0dc24d9c39bc09227.js.map
[./app/javascript/channels sync recursive _channel\.js$] ./app/javascript/channels sync _channel\.js$ 160 bytes {application} [built]
[./app/javascript/channels/index.js] 211 bytes {application} [built]
[./app/javascript/packs/application.js] 492 bytes {application} [built]
[./node_modules/webpack/buildin/module.js] (webpack)/buildin/module.js 552 bytes {application} [built]
    + 3 hidden modules

  Rendered layout layouts/application.html.erb (Duration: 4666.3ms | Allocations: 15465)
Completed 200 OK in 4676ms (Views: 4669.5ms | ActiveRecord: 0.0ms | Allocations: 18568)


Started GET "/" for ::1 at 2022-03-15 11:24:36 +0100
Processing by HelloController#index as HTML
  Rendering layout layouts/application.html.erb
  Rendering hello/index.html.erb within layouts/application
  Rendered hello/index.html.erb within layouts/application (Duration: 0.2ms | Allocations: 51)
[Webpacker] Everything's up-to-date. Nothing to do
  Rendered layout layouts/application.html.erb (Duration: 6.1ms | Allocations: 3549)
Completed 200 OK in 8ms (Views: 6.8ms | ActiveRecord: 0.0ms | Allocations: 4130)


Started GET "/" for ::1 at 2022-03-15 11:24:41 +0100
Processing by HelloController#index as HTML
  Rendering layout layouts/application.html.erb
  Rendering hello/index.html.erb within layouts/application
  Rendered hello/index.html.erb within layouts/application (Duration: 0.2ms | Allocations: 43)
[Webpacker] Everything's up-to-date. Nothing to do
  Rendered layout layouts/application.html.erb (Duration: 8.5ms | Allocations: 3400)
Completed 200 OK in 11ms (Views: 9.5ms | ActiveRecord: 0.0ms | Allocations: 3849)


Started GET "/" for ::1 at 2022-03-15 11:50:10 +0100
  [1m[35m (2.9ms)[0m  [1m[34mSELECT sqlite_version(*)[0m
Processing by HelloController#index as HTML
  Rendering layout layouts/application.html.erb
  Rendering hello/index.html.erb within layouts/application
  Rendered hello/index.html.erb within layouts/application (Duration: 3.4ms | Allocations: 527)
[Webpacker] Compiling...
[Webpacker] Compilation failed:
C:/Ruby30-x64/lib/ruby/gems/3.0.0/gems/webpacker-5.4.3/lib/webpacker/webpack_runner.rb:23:in `exec': No such file or directory - C:\\Users\\DAM81\\OneDrive\\Bureau\\toucan\\node_modules\\.bin/webpack (Errno::ENOENT)
	from C:/Ruby30-x64/lib/ruby/gems/3.0.0/gems/webpacker-5.4.3/lib/webpacker/webpack_runner.rb:23:in `block in run'
	from C:/Ruby30-x64/lib/ruby/gems/3.0.0/gems/webpacker-5.4.3/lib/webpacker/webpack_runner.rb:22:in `chdir'
	from C:/Ruby30-x64/lib/ruby/gems/3.0.0/gems/webpacker-5.4.3/lib/webpacker/webpack_runner.rb:22:in `run'
	from C:/Ruby30-x64/lib/ruby/gems/3.0.0/gems/webpacker-5.4.3/lib/webpacker/runner.rb:6:in `run'
	from ./bin/webpack:17:in `block in <main>'
	from ./bin/webpack:16:in `chdir'
	from ./bin/webpack:16:in `<main>'

  Rendered layout layouts/application.html.erb (Duration: 1717.8ms | Allocations: 30850)
Completed 500 Internal Server Error in 1745ms (ActiveRecord: 0.0ms | Allocations: 34943)


  
ActionView::Template::Error (Webpacker can't find application.js in C:/Users/DAM81/OneDrive/Bureau/toucan/public/packs/manifest.json. Possible causes:
1. You want to set webpacker.yml value of compile to true for your environment
   unless you are using the `webpack -w` or the webpack-dev-server.
2. webpack has not yet re-run to reflect updates.
3. You have misconfigured Webpacker's config/webpacker.yml file.
4. Your webpack configuration is not creating a manifest.
Your manifest contains:
{
}
):
     7:     <%= csp_meta_tag %>
     8: 
     9:     <%= stylesheet_link_tag 'application', media: 'all', 'data-turbolinks-track': 'reload' %>
    10:     <%= javascript_pack_tag 'application', 'data-turbolinks-track': 'reload' %>
    11:   </head>
    12: 
    13:   <body>
  
app/views/layouts/application.html.erb:10
Started GET "/" for ::1 at 2022-03-15 11:51:48 +0100
Processing by HelloController#index as HTML
  Rendering layout layouts/application.html.erb
  Rendering hello/index.html.erb within layouts/application
  Rendered hello/index.html.erb within layouts/application (Duration: 8.6ms | Allocations: 176)
[Webpacker] Compiling...
[Webpacker] Compilation failed:
C:/Ruby30-x64/lib/ruby/gems/3.0.0/gems/webpacker-5.4.3/lib/webpacker/webpack_runner.rb:23:in `exec': No such file or directory - C:\\Users\\DAM81\\OneDrive\\Bureau\\toucan\\node_modules\\.bin/webpack (Errno::ENOENT)
	from C:/Ruby30-x64/lib/ruby/gems/3.0.0/gems/webpacker-5.4.3/lib/webpacker/webpack_runner.rb:23:in `block in run'
	from C:/Ruby30-x64/lib/ruby/gems/3.0.0/gems/webpacker-5.4.3/lib/webpacker/webpack_runner.rb:22:in `chdir'
	from C:/Ruby30-x64/lib/ruby/gems/3.0.0/gems/webpacker-5.4.3/lib/webpacker/webpack_runner.rb:22:in `run'
	from C:/Ruby30-x64/lib/ruby/gems/3.0.0/gems/webpacker-5.4.3/lib/webpacker/runner.rb:6:in `run'
	from ./bin/webpack:17:in `block in <main>'
	from ./bin/webpack:16:in `chdir'
	from ./bin/webpack:16:in `<main>'

  Rendered layout layouts/application.html.erb (Duration: 1225.5ms | Allocations: 13655)
Completed 500 Internal Server Error in 1238ms (ActiveRecord: 0.0ms | Allocations: 14861)


  
ActionView::Template::Error (Webpacker can't find application.js in C:/Users/DAM81/OneDrive/Bureau/toucan/public/packs/manifest.json. Possible causes:
1. You want to set webpacker.yml value of compile to true for your environment
   unless you are using the `webpack -w` or the webpack-dev-server.
2. webpack has not yet re-run to reflect updates.
3. You have misconfigured Webpacker's config/webpacker.yml file.
4. Your webpack configuration is not creating a manifest.
Your manifest contains:
{
}
):
     7:     <%= csp_meta_tag %>
     8: 
     9:     <%= stylesheet_link_tag 'application', media: 'all', 'data-turbolinks-track': 'reload' %>
    10:     # <%= javascript_pack_tag 'application', 'data-turbolinks-track': 'reload' %>
    11:   </head>
    12: 
    13:   <body>
  
app/views/layouts/application.html.erb:10
Started GET "/" for ::1 at 2022-03-15 11:52:05 +0100
Processing by HelloController#index as HTML
  Rendering layout layouts/application.html.erb
  Rendering hello/index.html.erb within layouts/application
  Rendered hello/index.html.erb within layouts/application (Duration: 0.8ms | Allocations: 174)
[Webpacker] Compiling...
[Webpacker] Compilation failed:
C:/Ruby30-x64/lib/ruby/gems/3.0.0/gems/webpacker-5.4.3/lib/webpacker/webpack_runner.rb:23:in `exec': No such file or directory - C:\\Users\\DAM81\\OneDrive\\Bureau\\toucan\\node_modules\\.bin/webpack (Errno::ENOENT)
	from C:/Ruby30-x64/lib/ruby/gems/3.0.0/gems/webpacker-5.4.3/lib/webpacker/webpack_runner.rb:23:in `block in run'
	from C:/Ruby30-x64/lib/ruby/gems/3.0.0/gems/webpacker-5.4.3/lib/webpacker/webpack_runner.rb:22:in `chdir'
	from C:/Ruby30-x64/lib/ruby/gems/3.0.0/gems/webpacker-5.4.3/lib/webpacker/webpack_runner.rb:22:in `run'
	from C:/Ruby30-x64/lib/ruby/gems/3.0.0/gems/webpacker-5.4.3/lib/webpacker/runner.rb:6:in `run'
	from ./bin/webpack:17:in `block in <main>'
	from ./bin/webpack:16:in `chdir'
	from ./bin/webpack:16:in `<main>'

  Rendered layout layouts/application.html.erb (Duration: 1193.6ms | Allocations: 13635)
Completed 500 Internal Server Error in 1206ms (ActiveRecord: 0.0ms | Allocations: 14834)


  
ActionView::Template::Error (Webpacker can't find application.js in C:/Users/DAM81/OneDrive/Bureau/toucan/public/packs/manifest.json. Possible causes:
1. You want to set webpacker.yml value of compile to true for your environment
   unless you are using the `webpack -w` or the webpack-dev-server.
2. webpack has not yet re-run to reflect updates.
3. You have misconfigured Webpacker's config/webpacker.yml file.
4. Your webpack configuration is not creating a manifest.
Your manifest contains:
{
}
):
     7:     <%= csp_meta_tag %>
     8: 
     9:     # <%= stylesheet_link_tag 'application', media: 'all', 'data-turbolinks-track': 'reload' %>
    10:     # <%= javascript_pack_tag 'application', 'data-turbolinks-track': 'reload' %>
    11:   </head>
    12: 
    13:   <body>
  
app/views/layouts/application.html.erb:10
Started GET "/" for ::1 at 2022-03-15 11:52:14 +0100
Processing by HelloController#index as HTML
  Rendering layout layouts/application.html.erb
  Rendering hello/index.html.erb within layouts/application
  Rendered hello/index.html.erb within layouts/application (Duration: 1.8ms | Allocations: 174)
[Webpacker] Compiling...
[Webpacker] Compilation failed:
C:/Ruby30-x64/lib/ruby/gems/3.0.0/gems/webpacker-5.4.3/lib/webpacker/webpack_runner.rb:23:in `exec': No such file or directory - C:\\Users\\DAM81\\OneDrive\\Bureau\\toucan\\node_modules\\.bin/webpack (Errno::ENOENT)
	from C:/Ruby30-x64/lib/ruby/gems/3.0.0/gems/webpacker-5.4.3/lib/webpacker/webpack_runner.rb:23:in `block in run'
	from C:/Ruby30-x64/lib/ruby/gems/3.0.0/gems/webpacker-5.4.3/lib/webpacker/webpack_runner.rb:22:in `chdir'
	from C:/Ruby30-x64/lib/ruby/gems/3.0.0/gems/webpacker-5.4.3/lib/webpacker/webpack_runner.rb:22:in `run'
	from C:/Ruby30-x64/lib/ruby/gems/3.0.0/gems/webpacker-5.4.3/lib/webpacker/runner.rb:6:in `run'
	from ./bin/webpack:17:in `block in <main>'
	from ./bin/webpack:16:in `chdir'
	from ./bin/webpack:16:in `<main>'

  Rendered layout layouts/application.html.erb (Duration: 1192.3ms | Allocations: 13278)
Completed 500 Internal Server Error in 1211ms (ActiveRecord: 0.0ms | Allocations: 14477)


  
ActionView::Template::Error (Webpacker can't find application.js in C:/Users/DAM81/OneDrive/Bureau/toucan/public/packs/manifest.json. Possible causes:
1. You want to set webpacker.yml value of compile to true for your environment
   unless you are using the `webpack -w` or the webpack-dev-server.
2. webpack has not yet re-run to reflect updates.
3. You have misconfigured Webpacker's config/webpacker.yml file.
4. Your webpack configuration is not creating a manifest.
Your manifest contains:
{
}
):
     7:     <%= csp_meta_tag %>
     8: 
     9:     <%= stylesheet_link_tag 'application', media: 'all', 'data-turbolinks-track': 'reload' %>
    10:     <%= javascript_pack_tag 'application', 'data-turbolinks-track': 'reload' %>
    11:   </head>
    12: 
    13:   <body>
  
app/views/layouts/application.html.erb:10
Started GET "/" for ::1 at 2022-03-15 11:58:10 +0100
  [1m[35m (0.4ms)[0m  [1m[34mSELECT sqlite_version(*)[0m
Processing by HelloController#index as HTML
  Rendering layout layouts/application.html.erb
  Rendering hello/index.html.erb within layouts/application
  Rendered hello/index.html.erb within layouts/application (Duration: 1.0ms | Allocations: 722)
[Webpacker] Compiling...
[Webpacker] Compilation failed:
C:/Ruby30-x64/lib/ruby/gems/3.0.0/gems/webpacker-5.4.3/lib/webpacker/webpack_runner.rb:23:in `exec': No such file or directory - C:\\Users\\DAM81\\OneDrive\\Bureau\\toucan\\node_modules\\.bin/webpack (Errno::ENOENT)
	from C:/Ruby30-x64/lib/ruby/gems/3.0.0/gems/webpacker-5.4.3/lib/webpacker/webpack_runner.rb:23:in `block in run'
	from C:/Ruby30-x64/lib/ruby/gems/3.0.0/gems/webpacker-5.4.3/lib/webpacker/webpack_runner.rb:22:in `chdir'
	from C:/Ruby30-x64/lib/ruby/gems/3.0.0/gems/webpacker-5.4.3/lib/webpacker/webpack_runner.rb:22:in `run'
	from C:/Ruby30-x64/lib/ruby/gems/3.0.0/gems/webpacker-5.4.3/lib/webpacker/runner.rb:6:in `run'
	from ./bin/webpack:17:in `block in <main>'
	from ./bin/webpack:16:in `chdir'
	from ./bin/webpack:16:in `<main>'

  Rendered layout layouts/application.html.erb (Duration: 1191.5ms | Allocations: 18337)
Completed 500 Internal Server Error in 1203ms (ActiveRecord: 0.0ms | Allocations: 22127)


  
ActionView::Template::Error (Webpacker can't find application.js in C:/Users/DAM81/OneDrive/Bureau/toucan/public/packs/manifest.json. Possible causes:
1. You want to set webpacker.yml value of compile to true for your environment
   unless you are using the `webpack -w` or the webpack-dev-server.
2. webpack has not yet re-run to reflect updates.
3. You have misconfigured Webpacker's config/webpacker.yml file.
4. Your webpack configuration is not creating a manifest.
Your manifest contains:
{
}
):
     7:     <%= csp_meta_tag %>
     8: 
     9:     <%= stylesheet_link_tag 'application', media: 'all', 'data-turbolinks-track': 'reload' %>
    10:     <%= javascript_pack_tag 'application', 'data-turbolinks-track': 'reload' %>
    11:   </head>
    12: 
    13:   <body>
  
app/views/layouts/application.html.erb:10
Started GET "/" for ::1 at 2022-03-15 11:58:18 +0100
Processing by HelloController#index as HTML
  Rendering layout layouts/application.html.erb
  Rendering hello/index.html.erb within layouts/application
  Rendered hello/index.html.erb within layouts/application (Duration: 0.1ms | Allocations: 46)
[Webpacker] Compiling...
[Webpacker] Compilation failed:
C:/Ruby30-x64/lib/ruby/gems/3.0.0/gems/webpacker-5.4.3/lib/webpacker/webpack_runner.rb:23:in `exec': No such file or directory - C:\\Users\\DAM81\\OneDrive\\Bureau\\toucan\\node_modules\\.bin/webpack (Errno::ENOENT)
	from C:/Ruby30-x64/lib/ruby/gems/3.0.0/gems/webpacker-5.4.3/lib/webpacker/webpack_runner.rb:23:in `block in run'
	from C:/Ruby30-x64/lib/ruby/gems/3.0.0/gems/webpacker-5.4.3/lib/webpacker/webpack_runner.rb:22:in `chdir'
	from C:/Ruby30-x64/lib/ruby/gems/3.0.0/gems/webpacker-5.4.3/lib/webpacker/webpack_runner.rb:22:in `run'
	from C:/Ruby30-x64/lib/ruby/gems/3.0.0/gems/webpacker-5.4.3/lib/webpacker/runner.rb:6:in `run'
	from ./bin/webpack:17:in `block in <main>'
	from ./bin/webpack:16:in `chdir'
	from ./bin/webpack:16:in `<main>'

  Rendered layout layouts/application.html.erb (Duration: 1178.8ms | Allocations: 12843)
Completed 500 Internal Server Error in 1180ms (ActiveRecord: 0.0ms | Allocations: 13289)


  
ActionView::Template::Error (Webpacker can't find application.js in C:/Users/DAM81/OneDrive/Bureau/toucan/public/packs/manifest.json. Possible causes:
1. You want to set webpacker.yml value of compile to true for your environment
   unless you are using the `webpack -w` or the webpack-dev-server.
2. webpack has not yet re-run to reflect updates.
3. You have misconfigured Webpacker's config/webpacker.yml file.
4. Your webpack configuration is not creating a manifest.
Your manifest contains:
{
}
):
     7:     <%= csp_meta_tag %>
     8: 
     9:     <%= stylesheet_link_tag 'application', media: 'all', 'data-turbolinks-track': 'reload' %>
    10:     <%= javascript_pack_tag 'application', 'data-turbolinks-track': 'reload' %>
    11:   </head>
    12: 
    13:   <body>
  
app/views/layouts/application.html.erb:10
Started GET "/" for ::1 at 2022-03-15 12:02:30 +0100
  [1m[35m (0.6ms)[0m  [1m[34mSELECT sqlite_version(*)[0m
Processing by HelloController#index as HTML
  Rendering layout layouts/application.html.erb
  Rendering hello/index.html.erb within layouts/application
  Rendered hello/index.html.erb within layouts/application (Duration: 13.1ms | Allocations: 423)
[Webpacker] Compiling...
[Webpacker] Compilation failed:
C:/Ruby30-x64/lib/ruby/gems/3.0.0/gems/webpacker-5.4.3/lib/webpacker/webpack_runner.rb:23:in `exec': No such file or directory - C:\\Users\\DAM81\\OneDrive\\Bureau\\toucan\\node_modules\\.bin/webpack (Errno::ENOENT)
	from C:/Ruby30-x64/lib/ruby/gems/3.0.0/gems/webpacker-5.4.3/lib/webpacker/webpack_runner.rb:23:in `block in run'
	from C:/Ruby30-x64/lib/ruby/gems/3.0.0/gems/webpacker-5.4.3/lib/webpacker/webpack_runner.rb:22:in `chdir'
	from C:/Ruby30-x64/lib/ruby/gems/3.0.0/gems/webpacker-5.4.3/lib/webpacker/webpack_runner.rb:22:in `run'
	from C:/Ruby30-x64/lib/ruby/gems/3.0.0/gems/webpacker-5.4.3/lib/webpacker/runner.rb:6:in `run'
	from ./bin/webpack:17:in `block in <main>'
	from ./bin/webpack:16:in `chdir'
	from ./bin/webpack:16:in `<main>'

  Rendered layout layouts/application.html.erb (Duration: 1316.3ms | Allocations: 17984)
Completed 500 Internal Server Error in 1328ms (ActiveRecord: 0.0ms | Allocations: 21772)


  
ActionView::Template::Error (Webpacker can't find application.js in C:/Users/DAM81/OneDrive/Bureau/toucan/public/packs/manifest.json. Possible causes:
1. You want to set webpacker.yml value of compile to true for your environment
   unless you are using the `webpack -w` or the webpack-dev-server.
2. webpack has not yet re-run to reflect updates.
3. You have misconfigured Webpacker's config/webpacker.yml file.
4. Your webpack configuration is not creating a manifest.
Your manifest contains:
{
}
):
     7:     <%= csp_meta_tag %>
     8: 
     9:     <%= stylesheet_link_tag 'application', media: 'all', 'data-turbolinks-track': 'reload' %>
    10:     <%= javascript_pack_tag 'application', 'data-turbolinks-track': 'reload' %>
    11:   </head>
    12: 
    13:   <body>
  
app/views/layouts/application.html.erb:10
Started GET "/" for ::1 at 2022-03-15 12:04:53 +0100
  [1m[35m (0.4ms)[0m  [1m[34mSELECT sqlite_version(*)[0m
Processing by HelloController#index as HTML
  Rendering layout layouts/application.html.erb
  Rendering hello/index.html.erb within layouts/application
  Rendered hello/index.html.erb within layouts/application (Duration: 0.8ms | Allocations: 489)
[Webpacker] Compiling...
[Webpacker] Compiled all packs in C:/Users/DAM81/OneDrive/Bureau/toucan/public/packs
[Webpacker] Hash: 2034dd941d5476d8645c
Version: webpack 4.46.0
Time: 1559ms
Built at: 15/03/2022 12:04:57
                                     Asset       Size       Chunks                         Chunk Names
    js/application-3dd0dc24d9c39bc09227.js    125 KiB  application  [emitted] [immutable]  application
js/application-3dd0dc24d9c39bc09227.js.map    139 KiB  application  [emitted] [dev]        application
                             manifest.json  364 bytes               [emitted]              
Entrypoint application = js/application-3dd0dc24d9c39bc09227.js js/application-3dd0dc24d9c39bc09227.js.map
[./app/javascript/channels sync recursive _channel\.js$] ./app/javascript/channels sync _channel\.js$ 160 bytes {application} [built]
[./app/javascript/channels/index.js] 211 bytes {application} [built]
[./app/javascript/packs/application.js] 492 bytes {application} [built]
[./node_modules/webpack/buildin/module.js] (webpack)/buildin/module.js 552 bytes {application} [built]
    + 3 hidden modules

  Rendered layout layouts/application.html.erb (Duration: 3923.9ms | Allocations: 37128)
Completed 200 OK in 3938ms (Views: 3929.9ms | ActiveRecord: 0.0ms | Allocations: 40562)


Started GET "/" for ::1 at 2022-03-15 12:05:32 +0100
Processing by HelloController#index as HTML
  Rendering layout layouts/application.html.erb
  Rendering hello/index.html.erb within layouts/application
  Rendered hello/index.html.erb within layouts/application (Duration: 0.3ms | Allocations: 52)
[Webpacker] Everything's up-to-date. Nothing to do
  Rendered layout layouts/application.html.erb (Duration: 66.3ms | Allocations: 3615)
Completed 200 OK in 70ms (Views: 68.9ms | ActiveRecord: 0.0ms | Allocations: 4219)


Started GET "/" for ::1 at 2022-03-15 12:05:33 +0100
Processing by HelloController#index as HTML
  Rendering layout layouts/application.html.erb
  Rendering hello/index.html.erb within layouts/application
  Rendered hello/index.html.erb within layouts/application (Duration: 0.1ms | Allocations: 44)
[Webpacker] Everything's up-to-date. Nothing to do
  Rendered layout layouts/application.html.erb (Duration: 54.7ms | Allocations: 3458)
Completed 200 OK in 58ms (Views: 56.8ms | ActiveRecord: 0.0ms | Allocations: 3929)


Started GET "/" for ::1 at 2022-03-15 12:05:34 +0100
Processing by HelloController#index as HTML
  Rendering layout layouts/application.html.erb
  Rendering hello/index.html.erb within layouts/application
  Rendered hello/index.html.erb within layouts/application (Duration: 0.3ms | Allocations: 44)
[Webpacker] Everything's up-to-date. Nothing to do
  Rendered layout layouts/application.html.erb (Duration: 69.5ms | Allocations: 3810)
Completed 200 OK in 74ms (Views: 72.3ms | ActiveRecord: 0.0ms | Allocations: 4281)


Started GET "/" for ::1 at 2022-03-15 12:05:34 +0100
Processing by HelloController#index as HTML
  Rendering layout layouts/application.html.erb
  Rendering hello/index.html.erb within layouts/application
  Rendered hello/index.html.erb within layouts/application (Duration: 0.1ms | Allocations: 44)
[Webpacker] Everything's up-to-date. Nothing to do
  Rendered layout layouts/application.html.erb (Duration: 49.6ms | Allocations: 3456)
Completed 200 OK in 52ms (Views: 51.3ms | ActiveRecord: 0.0ms | Allocations: 3925)


Started GET "/" for ::1 at 2022-03-15 12:05:34 +0100
Processing by HelloController#index as HTML
  Rendering layout layouts/application.html.erb
  Rendering hello/index.html.erb within layouts/application
  Rendered hello/index.html.erb within layouts/application (Duration: 0.1ms | Allocations: 44)
[Webpacker] Everything's up-to-date. Nothing to do
  Rendered layout layouts/application.html.erb (Duration: 42.0ms | Allocations: 3540)
Completed 200 OK in 44ms (Views: 43.3ms | ActiveRecord: 0.0ms | Allocations: 4009)


Started GET "/" for ::1 at 2022-03-15 12:05:34 +0100
Processing by HelloController#index as HTML
  Rendering layout layouts/application.html.erb
  Rendering hello/index.html.erb within layouts/application
  Rendered hello/index.html.erb within layouts/application (Duration: 0.1ms | Allocations: 44)
[Webpacker] Everything's up-to-date. Nothing to do
  Rendered layout layouts/application.html.erb (Duration: 52.5ms | Allocations: 5824)
Completed 200 OK in 54ms (Views: 54.0ms | ActiveRecord: 0.0ms | Allocations: 6293)


Started GET "/" for ::1 at 2022-03-15 12:05:35 +0100
Processing by HelloController#index as HTML
  Rendering layout layouts/application.html.erb
  Rendering hello/index.html.erb within layouts/application
  Rendered hello/index.html.erb within layouts/application (Duration: 0.2ms | Allocations: 44)
[Webpacker] Everything's up-to-date. Nothing to do
  Rendered layout layouts/application.html.erb (Duration: 42.6ms | Allocations: 5267)
Completed 200 OK in 44ms (Views: 43.5ms | ActiveRecord: 0.0ms | Allocations: 5736)


Started GET "/" for ::1 at 2022-03-15 12:05:35 +0100
Processing by HelloController#index as HTML
  Rendering layout layouts/application.html.erb
  Rendering hello/index.html.erb within layouts/application
  Rendered hello/index.html.erb within layouts/application (Duration: 0.1ms | Allocations: 44)
[Webpacker] Everything's up-to-date. Nothing to do
  Rendered layout layouts/application.html.erb (Duration: 47.1ms | Allocations: 3815)
Completed 200 OK in 49ms (Views: 48.3ms | ActiveRecord: 0.0ms | Allocations: 4284)


Started GET "/" for ::1 at 2022-03-15 12:05:35 +0100
Processing by HelloController#index as HTML
  Rendering layout layouts/application.html.erb
  Rendering hello/index.html.erb within layouts/application
  Rendered hello/index.html.erb within layouts/application (Duration: 0.2ms | Allocations: 44)
[Webpacker] Everything's up-to-date. Nothing to do
  Rendered layout layouts/application.html.erb (Duration: 40.2ms | Allocations: 3537)
Completed 200 OK in 43ms (Views: 42.0ms | ActiveRecord: 0.0ms | Allocations: 4024)


Started GET "/" for ::1 at 2022-03-15 12:05:35 +0100
Processing by HelloController#index as HTML
  Rendering layout layouts/application.html.erb
  Rendering hello/index.html.erb within layouts/application
  Rendered hello/index.html.erb within layouts/application (Duration: 0.1ms | Allocations: 44)
[Webpacker] Everything's up-to-date. Nothing to do
  Rendered layout layouts/application.html.erb (Duration: 52.1ms | Allocations: 3754)
Completed 200 OK in 54ms (Views: 53.2ms | ActiveRecord: 0.0ms | Allocations: 4240)


Started GET "/" for ::1 at 2022-03-15 12:06:42 +0100
Processing by HelloController#index as HTML
  Rendering layout layouts/application.html.erb
  Rendering hello/index.html.erb within layouts/application
  Rendered hello/index.html.erb within layouts/application (Duration: 0.1ms | Allocations: 44)
[Webpacker] Everything's up-to-date. Nothing to do
  Rendered layout layouts/application.html.erb (Duration: 45.1ms | Allocations: 3466)
Completed 200 OK in 48ms (Views: 46.8ms | ActiveRecord: 0.0ms | Allocations: 3938)


Started GET "/" for ::1 at 2022-03-15 12:07:16 +0100
Processing by HelloController#index as HTML
  Rendering layout layouts/application.html.erb
  Rendering hello/index.html.erb within layouts/application
  Rendered hello/index.html.erb within layouts/application (Duration: 7.0ms | Allocations: 179)
[Webpacker] Everything's up-to-date. Nothing to do
  Rendered layout layouts/application.html.erb (Duration: 69.7ms | Allocations: 4031)
Completed 200 OK in 82ms (Views: 79.2ms | ActiveRecord: 0.0ms | Allocations: 5287)


  [1m[35m (12.1ms)[0m  [1m[34mSELECT sqlite_version(*)[0m
  [1m[35m (6.8ms)[0m  [1m[35mCREATE TABLE "schema_migrations" ("version" varchar NOT NULL PRIMARY KEY)[0m
  [1m[35m (10.0ms)[0m  [1m[35mCREATE TABLE "ar_internal_metadata" ("key" varchar NOT NULL PRIMARY KEY, "value" varchar, "created_at" datetime(6) NOT NULL, "updated_at" datetime(6) NOT NULL)[0m
  [1m[35m (0.7ms)[0m  [1m[34mSELECT "schema_migrations"."version" FROM "schema_migrations" ORDER BY "schema_migrations"."version" ASC[0m
Migrating to CreateToucs (20220321084228)
  [1m[36mTRANSACTION (0.1ms)[0m  [1m[36mbegin transaction[0m
  [1m[35m (4.8ms)[0m  [1m[35mCREATE TABLE "toucs" ("id" integer PRIMARY KEY AUTOINCREMENT NOT NULL, "touc" text, "created_at" datetime(6) NOT NULL, "updated_at" datetime(6) NOT NULL)[0m
  [1m[36mActiveRecord::SchemaMigration Create (0.4ms)[0m  [1m[32mINSERT INTO "schema_migrations" ("version") VALUES (?)[0m  [["version", "20220321084228"]]
  [1m[36mTRANSACTION (3.9ms)[0m  [1m[36mcommit transaction[0m
  [1m[36mActiveRecord::InternalMetadata Load (0.4ms)[0m  [1m[34mSELECT "ar_internal_metadata".* FROM "ar_internal_metadata" WHERE "ar_internal_metadata"."key" = ? LIMIT ?[0m  [["key", "environment"], ["LIMIT", 1]]
  [1m[36mTRANSACTION (0.1ms)[0m  [1m[36mbegin transaction[0m
  [1m[36mActiveRecord::InternalMetadata Create (1.4ms)[0m  [1m[32mINSERT INTO "ar_internal_metadata" ("key", "value", "created_at", "updated_at") VALUES (?, ?, ?, ?)[0m  [["key", "environment"], ["value", "development"], ["created_at", "2022-03-21 08:45:20.403253"], ["updated_at", "2022-03-21 08:45:20.403253"]]
  [1m[36mTRANSACTION (7.4ms)[0m  [1m[36mcommit transaction[0m
  [1m[35m (0.1ms)[0m  [1m[34mSELECT sqlite_version(*)[0m
  [1m[35m (0.2ms)[0m  [1m[34mSELECT "schema_migrations"."version" FROM "schema_migrations" ORDER BY "schema_migrations"."version" ASC[0m
Started GET "/" for 127.0.0.1 at 2022-03-21 09:47:22 +0100
  [1m[35m (0.9ms)[0m  [1m[34mSELECT sqlite_version(*)[0m
  [1m[35m (0.4ms)[0m  [1m[34mSELECT "schema_migrations"."version" FROM "schema_migrations" ORDER BY "schema_migrations"."version" ASC[0m
Processing by HelloController#index as HTML
  Rendering layout layouts/application.html.erb
  Rendering hello/index.html.erb within layouts/application
  Rendered hello/index.html.erb within layouts/application (Duration: 11.7ms | Allocations: 976)
[Webpacker] Compiling...
[Webpacker] Compiled all packs in C:/Users/Utilisateur/Documents/Ecole/Annee_B2/Ruby/toucan/public/packs
[Webpacker] Hash: bee57a251308c78393c5
Version: webpack 4.46.0
Time: 3657ms
Built at: 21/03/2022 09:47:32
                                     Asset       Size       Chunks                         Chunk Names
    js/application-de40139d376e62241b6d.js    125 KiB  application  [emitted] [immutable]  application
js/application-de40139d376e62241b6d.js.map    139 KiB  application  [emitted] [dev]        application
                             manifest.json  364 bytes               [emitted]              
Entrypoint application = js/application-de40139d376e62241b6d.js js/application-de40139d376e62241b6d.js.map
[./app/javascript/channels sync recursive _channel\.js$] ./app/javascript/channels sync _channel\.js$ 160 bytes {application} [built]
[./app/javascript/channels/index.js] 211 bytes {application} [built]
[./app/javascript/packs/application.js] 492 bytes {application} [built]
[./node_modules/webpack/buildin/module.js] (webpack)/buildin/module.js 552 bytes {application} [built]
    + 3 hidden modules

  Rendered layout layouts/application.html.erb (Duration: 9939.7ms | Allocations: 153442)
Completed 200 OK in 10040ms (Views: 9988.3ms | ActiveRecord: 0.0ms | Allocations: 159419)


Started GET "/" for 127.0.0.1 at 2022-03-22 08:51:46 +0100
  [1m[35m (13.6ms)[0m  [1m[34mSELECT sqlite_version(*)[0m
  [1m[35m (0.4ms)[0m  [1m[34mSELECT "schema_migrations"."version" FROM "schema_migrations" ORDER BY "schema_migrations"."version" ASC[0m
  
ActionController::RoutingError (uninitialized constant ToucController
Did you mean?  ToucsController):
  
Started GET "/" for 127.0.0.1 at 2022-03-22 08:52:53 +0100
Processing by ToucsController#index as HTML
  Rendering layout layouts/application.html.erb
  Rendering toucs/index.html.erb within layouts/application
  [1m[35m (0.1ms)[0m  [1m[34mSELECT sqlite_version(*)[0m
  ↳ app/views/toucs/index.html.erb:14
  [1m[36mTouc Load (0.6ms)[0m  [1m[34mSELECT "toucs".* FROM "toucs"[0m
  ↳ app/views/toucs/index.html.erb:14
  Rendered toucs/index.html.erb within layouts/application (Duration: 18.8ms | Allocations: 2123)
[Webpacker] Everything's up-to-date. Nothing to do
  Rendered layout layouts/application.html.erb (Duration: 247.2ms | Allocations: 9659)
Completed 200 OK in 317ms (Views: 256.2ms | ActiveRecord: 1.1ms | Allocations: 13034)


Started GET "/toucs/new" for 127.0.0.1 at 2022-03-22 08:55:10 +0100
Processing by ToucsController#new as HTML
  Rendering layout layouts/application.html.erb
  Rendering toucs/new.html.erb within layouts/application
  Rendered toucs/_form.html.erb (Duration: 315.6ms | Allocations: 10258)
  Rendered toucs/new.html.erb within layouts/application (Duration: 325.3ms | Allocations: 10657)
[Webpacker] Everything's up-to-date. Nothing to do
  Rendered layout layouts/application.html.erb (Duration: 381.3ms | Allocations: 19278)
Completed 200 OK in 401ms (Views: 382.9ms | ActiveRecord: 3.1ms | Allocations: 22981)


Started POST "/toucs" for 127.0.0.1 at 2022-03-22 08:55:31 +0100
Processing by ToucsController#create as HTML
  Parameters: {"authenticity_token"=>"[FILTERED]", "touc"=>{"touc"=>"Salu toa"}, "commit"=>"Create Touc"}
  [1m[36mTRANSACTION (0.1ms)[0m  [1m[36mbegin transaction[0m
  ↳ app/controllers/toucs_controller.rb:27:in `block in create'
  [1m[36mTouc Create (2.2ms)[0m  [1m[32mINSERT INTO "toucs" ("touc", "created_at", "updated_at") VALUES (?, ?, ?)[0m  [["touc", "Salu toa"], ["created_at", "2022-03-22 07:55:31.539830"], ["updated_at", "2022-03-22 07:55:31.539830"]]
  ↳ app/controllers/toucs_controller.rb:27:in `block in create'
  [1m[36mTRANSACTION (7.5ms)[0m  [1m[36mcommit transaction[0m
  ↳ app/controllers/toucs_controller.rb:27:in `block in create'
Redirected to http://127.0.0.1:3000/toucs/1
Completed 302 Found in 29ms (ActiveRecord: 9.8ms | Allocations: 3591)


Started GET "/toucs/1" for 127.0.0.1 at 2022-03-22 08:55:31 +0100
Processing by ToucsController#show as HTML
  Parameters: {"id"=>"1"}
  [1m[36mTouc Load (0.4ms)[0m  [1m[34mSELECT "toucs".* FROM "toucs" WHERE "toucs"."id" = ? LIMIT ?[0m  [["id", 1], ["LIMIT", 1]]
  ↳ app/controllers/toucs_controller.rb:63:in `set_touc'
  Rendering layout layouts/application.html.erb
  Rendering toucs/show.html.erb within layouts/application
  Rendered toucs/show.html.erb within layouts/application (Duration: 9.2ms | Allocations: 331)
[Webpacker] Everything's up-to-date. Nothing to do
  Rendered layout layouts/application.html.erb (Duration: 61.5ms | Allocations: 4499)
Completed 200 OK in 88ms (Views: 62.7ms | ActiveRecord: 0.4ms | Allocations: 6575)


Started GET "/toucs/1/edit" for 127.0.0.1 at 2022-03-22 08:55:39 +0100
Processing by ToucsController#edit as HTML
  Parameters: {"id"=>"1"}
  [1m[36mTouc Load (0.3ms)[0m  [1m[34mSELECT "toucs".* FROM "toucs" WHERE "toucs"."id" = ? LIMIT ?[0m  [["id", 1], ["LIMIT", 1]]
  ↳ app/controllers/toucs_controller.rb:63:in `set_touc'
  Rendering layout layouts/application.html.erb
  Rendering toucs/edit.html.erb within layouts/application
  Rendered toucs/_form.html.erb (Duration: 1.5ms | Allocations: 672)
  Rendered toucs/edit.html.erb within layouts/application (Duration: 11.0ms | Allocations: 964)
[Webpacker] Everything's up-to-date. Nothing to do
  Rendered layout layouts/application.html.erb (Duration: 62.5ms | Allocations: 4636)
Completed 200 OK in 71ms (Views: 64.0ms | ActiveRecord: 0.3ms | Allocations: 5894)


Started PATCH "/toucs/1" for 127.0.0.1 at 2022-03-22 08:55:41 +0100
Processing by ToucsController#update as HTML
  Parameters: {"authenticity_token"=>"[FILTERED]", "touc"=>{"touc"=>"Salu toa"}, "commit"=>"Update Touc", "id"=>"1"}
  [1m[36mTouc Load (0.3ms)[0m  [1m[34mSELECT "toucs".* FROM "toucs" WHERE "toucs"."id" = ? LIMIT ?[0m  [["id", 1], ["LIMIT", 1]]
  ↳ app/controllers/toucs_controller.rb:63:in `set_touc'
Redirected to http://127.0.0.1:3000/toucs/1
Completed 302 Found in 6ms (ActiveRecord: 0.3ms | Allocations: 1268)


Started GET "/toucs/1" for 127.0.0.1 at 2022-03-22 08:55:41 +0100
Processing by ToucsController#show as HTML
  Parameters: {"id"=>"1"}
  [1m[36mTouc Load (0.3ms)[0m  [1m[34mSELECT "toucs".* FROM "toucs" WHERE "toucs"."id" = ? LIMIT ?[0m  [["id", 1], ["LIMIT", 1]]
  ↳ app/controllers/toucs_controller.rb:63:in `set_touc'
  Rendering layout layouts/application.html.erb
  Rendering toucs/show.html.erb within layouts/application
  Rendered toucs/show.html.erb within layouts/application (Duration: 0.4ms | Allocations: 112)
[Webpacker] Everything's up-to-date. Nothing to do
  Rendered layout layouts/application.html.erb (Duration: 71.1ms | Allocations: 4101)
Completed 200 OK in 76ms (Views: 72.4ms | ActiveRecord: 0.3ms | Allocations: 5161)


Started GET "/toucs/1/edit" for 127.0.0.1 at 2022-03-22 08:55:43 +0100
Processing by ToucsController#edit as HTML
  Parameters: {"id"=>"1"}
  [1m[36mTouc Load (0.5ms)[0m  [1m[34mSELECT "toucs".* FROM "toucs" WHERE "toucs"."id" = ? LIMIT ?[0m  [["id", 1], ["LIMIT", 1]]
  ↳ app/controllers/toucs_controller.rb:63:in `set_touc'
  Rendering layout layouts/application.html.erb
  Rendering toucs/edit.html.erb within layouts/application
  Rendered toucs/_form.html.erb (Duration: 2.3ms | Allocations: 567)
  Rendered toucs/edit.html.erb within layouts/application (Duration: 3.5ms | Allocations: 713)
[Webpacker] Everything's up-to-date. Nothing to do
  Rendered layout layouts/application.html.erb (Duration: 66.3ms | Allocations: 4307)
Completed 200 OK in 73ms (Views: 67.8ms | ActiveRecord: 0.5ms | Allocations: 5440)


